<?xml version="1.0" encoding="UTF-8"?>
<!-- Generated by org.testng.reporters.JUnitReportReporter -->
<testsuite hostname="LAPTOP-KAU3MGHI" failures="0" tests="3" name="com.actitime.CustomerTest1.CustomerTest" time="0.005" errors="0" timestamp="01 Mar 2019 07:42:20 GMT" skipped="0">
  <testcase classname="com.actitime.CustomerTest1.CustomerTest" name="createCustomerTest" time="0.002"/>
  <testcase classname="com.actitime.CustomerTest1.CustomerTest" name="modifyCustomerTest" time="0.001"/>
  <testcase classname="com.actitime.CustomerTest1.CustomerTest" name="deleteCustomerTest" time="0.002"/>
</testsuite> <!-- com.actitime.CustomerTest1.CustomerTest -->
