<?xml version="1.0" encoding="UTF-8"?>
<!-- Generated by org.testng.reporters.JUnitReportReporter -->
<testsuite hostname="LAPTOP-KAU3MGHI" failures="0" tests="1" name="actiTimeProjectRoughUse.copy.ModifyCustomerTest" time="6.711" errors="0" timestamp="05 Mar 2019 14:53:17 GMT" skipped="0">
  <testcase classname="actiTimeProjectRoughUse.copy.ModifyCustomerTest" name="createCustomerTest" time="6.711"/>
</testsuite> <!-- actiTimeProjectRoughUse.copy.ModifyCustomerTest -->
