<?xml version="1.0" encoding="UTF-8"?>
<!-- Generated by org.testng.reporters.JUnitReportReporter -->
<testsuite hostname="LAPTOP-KAU3MGHI" failures="0" tests="1" name="com.actitime.CustomerTest1.CustomerTestForGroupExcution" time="0.001" errors="0" timestamp="03 Mar 2019 07:26:36 GMT" skipped="0">
  <testcase classname="com.actitime.CustomerTest1.CustomerTestForGroupExcution" name="createCustomerTest" time="0.001"/>
</testsuite> <!-- com.actitime.CustomerTest1.CustomerTestForGroupExcution -->
