<?xml version="1.0" encoding="UTF-8"?>
<!-- Generated by org.testng.reporters.JUnitReportReporter -->
<testsuite hostname="LAPTOP-KAU3MGHI" failures="0" tests="3" name="com.actime.ReportTest.ReportTest" time="0.021" errors="0" timestamp="01 Mar 2019 07:42:20 GMT" skipped="0">
  <testcase classname="com.actime.ReportTest.ReportTest" name="createReportTest" time="0.017"/>
  <testcase classname="com.actime.ReportTest.ReportTest" name="modifyReportTest" time="0.002"/>
  <testcase classname="com.actime.ReportTest.ReportTest" name="deleteReportTest" time="0.002"/>
</testsuite> <!-- com.actime.ReportTest.ReportTest -->
