<?xml version="1.0" encoding="UTF-8"?>
<!-- Generated by org.testng.reporters.JUnitReportReporter -->
<testsuite hostname="LAPTOP-KAU3MGHI" failures="0" tests="1" name="actiTimeProject.CreateCustomerTest" time="17.784" errors="0" timestamp="05 Mar 2019 16:57:48 GMT" skipped="0">
  <testcase classname="actiTimeProject.CreateCustomerTest" name="createCustomerTest" time="17.784"/>
</testsuite> <!-- actiTimeProject.CreateCustomerTest -->
