<?xml version="1.0" encoding="UTF-8"?>
<!-- Generated by org.testng.reporters.JUnitReportReporter -->
<testsuite hostname="LAPTOP-KAU3MGHI" failures="0" tests="1" name="actiTimeProjectRoughUse.copy.CreateCustomerTest" time="21.242" errors="0" timestamp="05 Mar 2019 14:53:17 GMT" skipped="0">
  <testcase classname="actiTimeProjectRoughUse.copy.CreateCustomerTest" name="createCustomerTest" time="21.242"/>
</testsuite> <!-- actiTimeProjectRoughUse.copy.CreateCustomerTest -->
