<?xml version="1.0" encoding="UTF-8"?>
<!-- Generated by org.testng.reporters.JUnitReportReporter -->
<testsuite hostname="LAPTOP-KAU3MGHI" failures="0" tests="1" name="com.actitime.CustomerTest1.CustomerTestForParallelExcution" time="36.156" errors="0" timestamp="03 Mar 2019 08:03:49 GMT" skipped="0">
  <testcase classname="com.actitime.CustomerTest1.CustomerTestForParallelExcution" name="createCustomerTest" time="36.156"/>
</testsuite> <!-- com.actitime.CustomerTest1.CustomerTestForParallelExcution -->
