<?xml version="1.0" encoding="UTF-8"?>
<!-- Generated by org.testng.reporters.JUnitReportReporter -->
<testsuite hostname="LAPTOP-KAU3MGHI" failures="0" tests="2" name="testNGReportFile.UserTest" time="28.112" errors="0" timestamp="01 Mar 2019 02:39:01 GMT" skipped="0">
  <testcase classname="testNGReportFile.UserTest" name="CreatUserTest" time="28.109"/>
  <testcase classname="testNGReportFile.UserTest" name="modifyUserTest" time="0.003"/>
</testsuite> <!-- testNGReportFile.UserTest -->
