<?xml version="1.0" encoding="UTF-8"?>
<!-- Generated by org.testng.reporters.JUnitReportReporter -->
<testsuite hostname="LAPTOP-KAU3MGHI" failures="0" tests="3" name="com.actime.UserTest.UserTest" time="0.007" errors="0" timestamp="01 Mar 2019 07:42:20 GMT" skipped="0">
  <testcase classname="com.actime.UserTest.UserTest" name="deleteUserTest" time="0.002"/>
  <testcase classname="com.actime.UserTest.UserTest" name="modifyUserTest" time="0.003"/>
  <testcase classname="com.actime.UserTest.UserTest" name="createUserTest" time="0.002"/>
</testsuite> <!-- com.actime.UserTest.UserTest -->
