<?xml version="1.0" encoding="UTF-8"?>
<!-- Generated by org.testng.reporters.JUnitReportReporter -->
<testsuite hostname="LAPTOP-KAU3MGHI" failures="0" tests="1" name="com.actime.ReportTest.ReportTestForGroup" time="0.004" errors="0" timestamp="03 Mar 2019 07:26:36 GMT" skipped="0">
  <testcase classname="com.actime.ReportTest.ReportTestForGroup" name="createReportTest" time="0.004"/>
</testsuite> <!-- com.actime.ReportTest.ReportTestForGroup -->
