<?xml version="1.0" encoding="UTF-8"?>
<!-- Generated by org.testng.reporters.JUnitReportReporter -->
<testsuite hostname="LAPTOP-KAU3MGHI" failures="0" tests="1" name="actiTimeProject.CreateCustomer" time="12.360" errors="0" timestamp="05 Mar 2019 14:12:40 GMT" skipped="0">
  <testcase classname="actiTimeProject.CreateCustomer" name="createCustomerTest" time="12.360"/>
</testsuite> <!-- actiTimeProject.CreateCustomer -->
