<?xml version="1.0" encoding="UTF-8"?>
<!-- Generated by org.testng.reporters.JUnitReportReporter -->
<testsuite hostname="LAPTOP-KAU3MGHI" failures="0" tests="1" name="com.actime.UserTest.UserTestForParallelExcution" time="36.186" errors="0" timestamp="03 Mar 2019 08:03:49 GMT" skipped="0">
  <testcase classname="com.actime.UserTest.UserTestForParallelExcution" name="createUserTest" time="36.186"/>
</testsuite> <!-- com.actime.UserTest.UserTestForParallelExcution -->
